Command line:
   Final_Project_Final_Project_sch_tb_isim_beh.exe
     -simmode  gui
     -simrunnum  0
     -socket  59781

Sat Dec 03 19:24:09 2016


 Elaboration Time: 0.203125 sec

 Current Memory Usage: 362.676 Meg

 Total Signals          : 647
 Total Nets             : 206
 Total Signal Drivers   : 171
 Total Blocks           : 149
 Total Primitive Blocks : 133
 Total Processes        : 166
 Total Traceable Variables  : 144
 Total Scalar Nets and Variables : 5178
Total Line Count : 250
Total Line Count : 250

 Total Simulation Time: 0.25 sec

 Current Memory Usage: 677.265 Meg

Sat Dec 03 19:24:44 2016

