Command line:
   Right_Shift_Right_Shift_sch_tb_isim_beh.exe
     -simmode  gui
     -simrunnum  1
     -socket  52004

Wed Nov 30 11:53:34 2016


 Elaboration Time: 0.140625 sec

 Current Memory Usage: 358.052 Meg

 Total Signals          : 35
 Total Nets             : 33
 Total Signal Drivers   : 5
 Total Blocks           : 8
 Total Primitive Blocks : 6
 Total Processes        : 5
 Total Traceable Variables  : 13
 Total Scalar Nets and Variables : 516
Total Line Count : 6

 Total Simulation Time: 0.140625 sec

 Current Memory Usage: 358.052 Meg

Wed Nov 30 11:53:59 2016

