Command line:
   Left_Shift_Left_Shift_sch_tb_isim_beh.exe
     -simmode  gui
     -simrunnum  1
     -socket  52000

Wed Nov 30 11:52:52 2016


 Elaboration Time: 0.140625 sec

 Current Memory Usage: 358.085 Meg

 Total Signals          : 38
 Total Nets             : 34
 Total Signal Drivers   : 6
 Total Blocks           : 9
 Total Primitive Blocks : 7
 Total Processes        : 6
 Total Traceable Variables  : 13
 Total Scalar Nets and Variables : 517
Total Line Count : 7

 Total Simulation Time: 0.140625 sec

 Current Memory Usage: 358.085 Meg

Wed Nov 30 11:53:06 2016

