Running: C:\Xilinx\14.7\ISE_DS\ISE\bin\nt64\unwrapped\fuse.exe -intstyle ise -incremental -lib secureip -o C:/Users/Martijn/git/DITE/Final_Project/Rom16x7_Rom16x7_sch_tb_isim_beh.exe -prj C:/Users/Martijn/git/DITE/Final_Project/Rom16x7_Rom16x7_sch_tb_beh.prj work.Rom16x7_Rom16x7_sch_tb 
ISim P.20131013 (signature 0x7708f090)
Number of CPUs detected in this system: 8
Turning on mult-threading, number of parallel sub-compilation jobs: 16 
Determining compilation order of HDL files
Parsing VHDL file "C:/Users/Martijn/git/DITE/Final_Project/Rom16x7.vhf" into library work
Parsing VHDL file "C:/Users/Martijn/git/DITE/Final_Project/Rom16x7_test.vhd" into library work
Parsing VHDL file "C:/Users/Martijn/git/DITE/Final_Project/D_flip_flop.vhf" into library work
Starting static elaboration
Completed static elaboration
Compiling package standard
Compiling package std_logic_1164
Compiling package numeric_std
Compiling package vcomponents
Compiling package textio
Compiling package vital_timing
Compiling package vital_primitives
Compiling package vpkg
Compiling architecture rom32x1_v of entity ROM32X1 [\ROM32X1("0000000000000000000000...]
Compiling architecture behavioral of entity Rom16x7 [rom16x7_default]
Compiling architecture behavioral of entity rom16x7_rom16x7_sch_tb
Time Resolution for simulation is 1ps.
WARNING:Simulator - Unable to copy libPortabilityNOSH.dll to the simulation executable directory: boost::filesystem::copy_file: The system cannot find the path specified, "isim\Rom16x7_Rom16x7_sch_tb_isim_beh.exe.sim\libPortability.dll".
Compiled 25 VHDL Units
Built simulation executable C:/Users/Martijn/git/DITE/Final_Project/Rom16x7_Rom16x7_sch_tb_isim_beh.exe
Fuse Memory Usage: 56784 KB
Fuse CPU Usage: 3312 ms
